2018-05-09 18:28:42,971 - Velocimacro : messages on  : VM system will output logging messages
2018-05-09 18:28:42,971 - Velocimacro : autoload off  : VM system will not automatically reload global library macros
2018-05-09 18:28:42,971 - Velocimacro : initialization complete.
2018-05-09 18:28:42,971 - Velocity successfully started.
2018-05-09 18:29:52,466 - SimpleLog4JLogSystem initialized using logfile 'velocity.log'
2018-05-09 18:29:52,467 - ************************************************************** 
2018-05-09 18:29:52,467 - Starting Jakarta Velocity v1.4
2018-05-09 18:29:52,467 - RuntimeInstance initializing.
2018-05-09 18:29:52,467 - Default Properties File: org\apache\velocity\runtime\defaults\velocity.properties
2018-05-09 18:29:52,471 - Trying to use logger class org.apache.velocity.runtime.log.SimpleLog4JLogSystem
2018-05-09 18:29:52,471 - Using logger class org.apache.velocity.runtime.log.SimpleLog4JLogSystem
2018-05-09 18:29:52,473 - Default ResourceManager initializing. (class org.apache.velocity.runtime.resource.ResourceManagerImpl)
2018-05-09 18:29:52,473 - Resource Loader Instantiated: org.apache.velocity.runtime.resource.loader.ClasspathResourceLoader
2018-05-09 18:29:52,473 - ClasspathResourceLoader : initialization starting.
2018-05-09 18:29:52,473 - ClasspathResourceLoader : initialization complete.
2018-05-09 18:29:52,473 - ResourceCache : initialized. (class org.apache.velocity.runtime.resource.ResourceCacheImpl)
2018-05-09 18:29:52,473 - Default ResourceManager initialization complete.
2018-05-09 18:29:52,473 - Loaded System Directive: org.apache.velocity.runtime.directive.Literal
2018-05-09 18:29:52,473 - Loaded System Directive: org.apache.velocity.runtime.directive.Macro
2018-05-09 18:29:52,473 - Loaded System Directive: org.apache.velocity.runtime.directive.Parse
2018-05-09 18:29:52,489 - Loaded System Directive: org.apache.velocity.runtime.directive.Include
2018-05-09 18:29:52,489 - Loaded System Directive: org.apache.velocity.runtime.directive.Foreach
2018-05-09 18:29:52,524 - Created: 20 parsers.
2018-05-09 18:29:52,532 - Velocimacro : initialization starting.
2018-05-09 18:29:52,533 - Velocimacro : adding VMs from VM library template : VM_global_library.vm
2018-05-09 18:29:52,561 - ResourceManager : unable to find resource 'VM_global_library.vm' in any resource loader.
2018-05-09 18:29:52,561 - Velocimacro : error using  VM library template VM_global_library.vm : org.apache.velocity.exception.ResourceNotFoundException: Unable to find resource 'VM_global_library.vm'
2018-05-09 18:29:52,561 - Velocimacro :  VM library template macro registration complete.
2018-05-09 18:29:52,561 - Velocimacro : allowInline = true : VMs can be defined inline in templates
2018-05-09 18:29:52,561 - Velocimacro : allowInlineToOverride = false : VMs defined inline may NOT replace previous VM definitions
2018-05-09 18:29:52,561 - Velocimacro : allowInlineLocal = false : VMs defined inline will be  global in scope if allowed.
2018-05-09 18:29:52,561 - Velocimacro : messages on  : VM system will output logging messages
2018-05-09 18:29:52,561 - Velocimacro : autoload off  : VM system will not automatically reload global library macros
2018-05-09 18:29:52,561 - Velocimacro : initialization complete.
2018-05-09 18:29:52,561 - Velocity successfully started.
2018-05-10 00:55:12,657 - SimpleLog4JLogSystem initialized using logfile 'velocity.log'
2018-05-10 00:55:12,658 - ************************************************************** 
2018-05-10 00:55:12,658 - Starting Jakarta Velocity v1.4
2018-05-10 00:55:12,658 - RuntimeInstance initializing.
2018-05-10 00:55:12,658 - Default Properties File: org\apache\velocity\runtime\defaults\velocity.properties
2018-05-10 00:55:12,658 - Trying to use logger class org.apache.velocity.runtime.log.SimpleLog4JLogSystem
2018-05-10 00:55:12,658 - Using logger class org.apache.velocity.runtime.log.SimpleLog4JLogSystem
2018-05-10 00:55:12,665 - Default ResourceManager initializing. (class org.apache.velocity.runtime.resource.ResourceManagerImpl)
2018-05-10 00:55:12,669 - Resource Loader Instantiated: org.apache.velocity.runtime.resource.loader.ClasspathResourceLoader
2018-05-10 00:55:12,670 - ClasspathResourceLoader : initialization starting.
2018-05-10 00:55:12,670 - ClasspathResourceLoader : initialization complete.
2018-05-10 00:55:12,672 - ResourceCache : initialized. (class org.apache.velocity.runtime.resource.ResourceCacheImpl)
2018-05-10 00:55:12,672 - Default ResourceManager initialization complete.
2018-05-10 00:55:12,677 - Loaded System Directive: org.apache.velocity.runtime.directive.Literal
2018-05-10 00:55:12,681 - Loaded System Directive: org.apache.velocity.runtime.directive.Macro
2018-05-10 00:55:12,685 - Loaded System Directive: org.apache.velocity.runtime.directive.Parse
2018-05-10 00:55:12,688 - Loaded System Directive: org.apache.velocity.runtime.directive.Include
2018-05-10 00:55:12,690 - Loaded System Directive: org.apache.velocity.runtime.directive.Foreach
2018-05-10 00:55:12,735 - Created: 20 parsers.
2018-05-10 00:55:12,752 - Velocimacro : initialization starting.
2018-05-10 00:55:12,753 - Velocimacro : adding VMs from VM library template : VM_global_library.vm
2018-05-10 00:55:12,796 - ResourceManager : unable to find resource 'VM_global_library.vm' in any resource loader.
2018-05-10 00:55:12,797 - Velocimacro : error using  VM library template VM_global_library.vm : org.apache.velocity.exception.ResourceNotFoundException: Unable to find resource 'VM_global_library.vm'
2018-05-10 00:55:12,797 - Velocimacro :  VM library template macro registration complete.
2018-05-10 00:55:12,797 - Velocimacro : allowInline = true : VMs can be defined inline in templates
2018-05-10 00:55:12,797 - Velocimacro : allowInlineToOverride = false : VMs defined inline may NOT replace previous VM definitions
2018-05-10 00:55:12,798 - Velocimacro : allowInlineLocal = false : VMs defined inline will be  global in scope if allowed.
2018-05-10 00:55:12,798 - Velocimacro : messages on  : VM system will output logging messages
2018-05-10 00:55:12,798 - Velocimacro : autoload off  : VM system will not automatically reload global library macros
2018-05-10 00:55:12,798 - Velocimacro : initialization complete.
2018-05-10 00:55:12,798 - Velocity successfully started.
2018-05-10 00:58:58,268 - SimpleLog4JLogSystem initialized using logfile 'velocity.log'
2018-05-10 00:58:58,268 - ************************************************************** 
2018-05-10 00:58:58,268 - Starting Jakarta Velocity v1.4
2018-05-10 00:58:58,268 - RuntimeInstance initializing.
2018-05-10 00:58:58,268 - Default Properties File: org\apache\velocity\runtime\defaults\velocity.properties
2018-05-10 00:58:58,268 - Trying to use logger class org.apache.velocity.runtime.log.SimpleLog4JLogSystem
2018-05-10 00:58:58,268 - Using logger class org.apache.velocity.runtime.log.SimpleLog4JLogSystem
2018-05-10 00:58:58,272 - Default ResourceManager initializing. (class org.apache.velocity.runtime.resource.ResourceManagerImpl)
2018-05-10 00:58:58,275 - Resource Loader Instantiated: org.apache.velocity.runtime.resource.loader.ClasspathResourceLoader
2018-05-10 00:58:58,275 - ClasspathResourceLoader : initialization starting.
2018-05-10 00:58:58,275 - ClasspathResourceLoader : initialization complete.
2018-05-10 00:58:58,277 - ResourceCache : initialized. (class org.apache.velocity.runtime.resource.ResourceCacheImpl)
2018-05-10 00:58:58,277 - Default ResourceManager initialization complete.
2018-05-10 00:58:58,281 - Loaded System Directive: org.apache.velocity.runtime.directive.Literal
2018-05-10 00:58:58,283 - Loaded System Directive: org.apache.velocity.runtime.directive.Macro
2018-05-10 00:58:58,286 - Loaded System Directive: org.apache.velocity.runtime.directive.Parse
2018-05-10 00:58:58,288 - Loaded System Directive: org.apache.velocity.runtime.directive.Include
2018-05-10 00:58:58,289 - Loaded System Directive: org.apache.velocity.runtime.directive.Foreach
2018-05-10 00:58:58,318 - Created: 20 parsers.
2018-05-10 00:58:58,326 - Velocimacro : initialization starting.
2018-05-10 00:58:58,326 - Velocimacro : adding VMs from VM library template : VM_global_library.vm
2018-05-10 00:58:58,347 - ResourceManager : unable to find resource 'VM_global_library.vm' in any resource loader.
2018-05-10 00:58:58,347 - Velocimacro : error using  VM library template VM_global_library.vm : org.apache.velocity.exception.ResourceNotFoundException: Unable to find resource 'VM_global_library.vm'
2018-05-10 00:58:58,347 - Velocimacro :  VM library template macro registration complete.
2018-05-10 00:58:58,347 - Velocimacro : allowInline = true : VMs can be defined inline in templates
2018-05-10 00:58:58,347 - Velocimacro : allowInlineToOverride = false : VMs defined inline may NOT replace previous VM definitions
2018-05-10 00:58:58,347 - Velocimacro : allowInlineLocal = false : VMs defined inline will be  global in scope if allowed.
2018-05-10 00:58:58,347 - Velocimacro : messages on  : VM system will output logging messages
2018-05-10 00:58:58,347 - Velocimacro : autoload off  : VM system will not automatically reload global library macros
2018-05-10 00:58:58,347 - Velocimacro : initialization complete.
2018-05-10 00:58:58,347 - Velocity successfully started.
2018-05-10 01:03:08,078 - SimpleLog4JLogSystem initialized using logfile 'velocity.log'
2018-05-10 01:03:08,079 - ************************************************************** 
2018-05-10 01:03:08,079 - Starting Jakarta Velocity v1.4
2018-05-10 01:03:08,079 - RuntimeInstance initializing.
2018-05-10 01:03:08,079 - Default Properties File: org\apache\velocity\runtime\defaults\velocity.properties
2018-05-10 01:03:08,079 - Trying to use logger class org.apache.velocity.runtime.log.SimpleLog4JLogSystem
2018-05-10 01:03:08,079 - Using logger class org.apache.velocity.runtime.log.SimpleLog4JLogSystem
2018-05-10 01:03:08,082 - Default ResourceManager initializing. (class org.apache.velocity.runtime.resource.ResourceManagerImpl)
2018-05-10 01:03:08,085 - Resource Loader Instantiated: org.apache.velocity.runtime.resource.loader.ClasspathResourceLoader
2018-05-10 01:03:08,085 - ClasspathResourceLoader : initialization starting.
2018-05-10 01:03:08,086 - ClasspathResourceLoader : initialization complete.
2018-05-10 01:03:08,087 - ResourceCache : initialized. (class org.apache.velocity.runtime.resource.ResourceCacheImpl)
2018-05-10 01:03:08,087 - Default ResourceManager initialization complete.
2018-05-10 01:03:08,091 - Loaded System Directive: org.apache.velocity.runtime.directive.Literal
2018-05-10 01:03:08,093 - Loaded System Directive: org.apache.velocity.runtime.directive.Macro
2018-05-10 01:03:08,096 - Loaded System Directive: org.apache.velocity.runtime.directive.Parse
2018-05-10 01:03:08,099 - Loaded System Directive: org.apache.velocity.runtime.directive.Include
2018-05-10 01:03:08,100 - Loaded System Directive: org.apache.velocity.runtime.directive.Foreach
2018-05-10 01:03:08,130 - Created: 20 parsers.
2018-05-10 01:03:08,138 - Velocimacro : initialization starting.
2018-05-10 01:03:08,139 - Velocimacro : adding VMs from VM library template : VM_global_library.vm
2018-05-10 01:03:08,158 - ResourceManager : unable to find resource 'VM_global_library.vm' in any resource loader.
2018-05-10 01:03:08,158 - Velocimacro : error using  VM library template VM_global_library.vm : org.apache.velocity.exception.ResourceNotFoundException: Unable to find resource 'VM_global_library.vm'
2018-05-10 01:03:08,158 - Velocimacro :  VM library template macro registration complete.
2018-05-10 01:03:08,158 - Velocimacro : allowInline = true : VMs can be defined inline in templates
2018-05-10 01:03:08,159 - Velocimacro : allowInlineToOverride = false : VMs defined inline may NOT replace previous VM definitions
2018-05-10 01:03:08,159 - Velocimacro : allowInlineLocal = false : VMs defined inline will be  global in scope if allowed.
2018-05-10 01:03:08,159 - Velocimacro : messages on  : VM system will output logging messages
2018-05-10 01:03:08,159 - Velocimacro : autoload off  : VM system will not automatically reload global library macros
2018-05-10 01:03:08,159 - Velocimacro : initialization complete.
2018-05-10 01:03:08,159 - Velocity successfully started.
2018-05-10 01:11:49,649 - SimpleLog4JLogSystem initialized using logfile 'velocity.log'
2018-05-10 01:11:49,649 - ************************************************************** 
2018-05-10 01:11:49,649 - Starting Jakarta Velocity v1.4
2018-05-10 01:11:49,649 - RuntimeInstance initializing.
2018-05-10 01:11:49,649 - Default Properties File: org\apache\velocity\runtime\defaults\velocity.properties
2018-05-10 01:11:49,649 - Trying to use logger class org.apache.velocity.runtime.log.SimpleLog4JLogSystem
2018-05-10 01:11:49,649 - Using logger class org.apache.velocity.runtime.log.SimpleLog4JLogSystem
2018-05-10 01:11:49,649 - Default ResourceManager initializing. (class org.apache.velocity.runtime.resource.ResourceManagerImpl)
2018-05-10 01:11:49,649 - Resource Loader Instantiated: org.apache.velocity.runtime.resource.loader.ClasspathResourceLoader
2018-05-10 01:11:49,649 - ClasspathResourceLoader : initialization starting.
2018-05-10 01:11:49,649 - ClasspathResourceLoader : initialization complete.
2018-05-10 01:11:49,649 - ResourceCache : initialized. (class org.apache.velocity.runtime.resource.ResourceCacheImpl)
2018-05-10 01:11:49,649 - Default ResourceManager initialization complete.
2018-05-10 01:11:49,665 - Loaded System Directive: org.apache.velocity.runtime.directive.Literal
2018-05-10 01:11:49,665 - Loaded System Directive: org.apache.velocity.runtime.directive.Macro
2018-05-10 01:11:49,665 - Loaded System Directive: org.apache.velocity.runtime.directive.Parse
2018-05-10 01:11:49,665 - Loaded System Directive: org.apache.velocity.runtime.directive.Include
2018-05-10 01:11:49,665 - Loaded System Directive: org.apache.velocity.runtime.directive.Foreach
2018-05-10 01:11:49,696 - Created: 20 parsers.
2018-05-10 01:11:49,712 - Velocimacro : initialization starting.
2018-05-10 01:11:49,712 - Velocimacro : adding VMs from VM library template : VM_global_library.vm
2018-05-10 01:11:49,742 - ResourceManager : unable to find resource 'VM_global_library.vm' in any resource loader.
2018-05-10 01:11:49,742 - Velocimacro : error using  VM library template VM_global_library.vm : org.apache.velocity.exception.ResourceNotFoundException: Unable to find resource 'VM_global_library.vm'
2018-05-10 01:11:49,742 - Velocimacro :  VM library template macro registration complete.
2018-05-10 01:11:49,742 - Velocimacro : allowInline = true : VMs can be defined inline in templates
2018-05-10 01:11:49,742 - Velocimacro : allowInlineToOverride = false : VMs defined inline may NOT replace previous VM definitions
2018-05-10 01:11:49,742 - Velocimacro : allowInlineLocal = false : VMs defined inline will be  global in scope if allowed.
2018-05-10 01:11:49,742 - Velocimacro : messages on  : VM system will output logging messages
2018-05-10 01:11:49,742 - Velocimacro : autoload off  : VM system will not automatically reload global library macros
2018-05-10 01:11:49,742 - Velocimacro : initialization complete.
2018-05-10 01:11:49,743 - Velocity successfully started.
2018-05-10 01:15:26,282 - SimpleLog4JLogSystem initialized using logfile 'velocity.log'
2018-05-10 01:15:26,283 - ************************************************************** 
2018-05-10 01:15:26,283 - Starting Jakarta Velocity v1.4
2018-05-10 01:15:26,283 - RuntimeInstance initializing.
2018-05-10 01:15:26,283 - Default Properties File: org\apache\velocity\runtime\defaults\velocity.properties
2018-05-10 01:15:26,283 - Trying to use logger class org.apache.velocity.runtime.log.SimpleLog4JLogSystem
2018-05-10 01:15:26,283 - Using logger class org.apache.velocity.runtime.log.SimpleLog4JLogSystem
2018-05-10 01:15:26,287 - Default ResourceManager initializing. (class org.apache.velocity.runtime.resource.ResourceManagerImpl)
2018-05-10 01:15:26,291 - Resource Loader Instantiated: org.apache.velocity.runtime.resource.loader.ClasspathResourceLoader
2018-05-10 01:15:26,291 - ClasspathResourceLoader : initialization starting.
2018-05-10 01:15:26,291 - ClasspathResourceLoader : initialization complete.
2018-05-10 01:15:26,294 - ResourceCache : initialized. (class org.apache.velocity.runtime.resource.ResourceCacheImpl)
2018-05-10 01:15:26,294 - Default ResourceManager initialization complete.
2018-05-10 01:15:26,299 - Loaded System Directive: org.apache.velocity.runtime.directive.Literal
2018-05-10 01:15:26,303 - Loaded System Directive: org.apache.velocity.runtime.directive.Macro
2018-05-10 01:15:26,309 - Loaded System Directive: org.apache.velocity.runtime.directive.Parse
2018-05-10 01:15:26,312 - Loaded System Directive: org.apache.velocity.runtime.directive.Include
2018-05-10 01:15:26,315 - Loaded System Directive: org.apache.velocity.runtime.directive.Foreach
2018-05-10 01:15:26,362 - Created: 20 parsers.
2018-05-10 01:15:26,389 - Velocimacro : initialization starting.
2018-05-10 01:15:26,389 - Velocimacro : adding VMs from VM library template : VM_global_library.vm
2018-05-10 01:15:26,445 - ResourceManager : unable to find resource 'VM_global_library.vm' in any resource loader.
2018-05-10 01:15:26,445 - Velocimacro : error using  VM library template VM_global_library.vm : org.apache.velocity.exception.ResourceNotFoundException: Unable to find resource 'VM_global_library.vm'
2018-05-10 01:15:26,445 - Velocimacro :  VM library template macro registration complete.
2018-05-10 01:15:26,445 - Velocimacro : allowInline = true : VMs can be defined inline in templates
2018-05-10 01:15:26,445 - Velocimacro : allowInlineToOverride = false : VMs defined inline may NOT replace previous VM definitions
2018-05-10 01:15:26,445 - Velocimacro : allowInlineLocal = false : VMs defined inline will be  global in scope if allowed.
2018-05-10 01:15:26,445 - Velocimacro : messages on  : VM system will output logging messages
2018-05-10 01:15:26,446 - Velocimacro : autoload off  : VM system will not automatically reload global library macros
2018-05-10 01:15:26,446 - Velocimacro : initialization complete.
2018-05-10 01:15:26,446 - Velocity successfully started.
2018-05-10 01:19:20,947 - SimpleLog4JLogSystem initialized using logfile 'velocity.log'
2018-05-10 01:19:20,947 - ************************************************************** 
2018-05-10 01:19:20,947 - Starting Jakarta Velocity v1.4
2018-05-10 01:19:20,947 - RuntimeInstance initializing.
2018-05-10 01:19:20,947 - Default Properties File: org\apache\velocity\runtime\defaults\velocity.properties
2018-05-10 01:19:20,947 - Trying to use logger class org.apache.velocity.runtime.log.SimpleLog4JLogSystem
2018-05-10 01:19:20,947 - Using logger class org.apache.velocity.runtime.log.SimpleLog4JLogSystem
2018-05-10 01:19:20,963 - Default ResourceManager initializing. (class org.apache.velocity.runtime.resource.ResourceManagerImpl)
2018-05-10 01:19:20,963 - Resource Loader Instantiated: org.apache.velocity.runtime.resource.loader.ClasspathResourceLoader
2018-05-10 01:19:20,963 - ClasspathResourceLoader : initialization starting.
2018-05-10 01:19:20,963 - ClasspathResourceLoader : initialization complete.
2018-05-10 01:19:20,963 - ResourceCache : initialized. (class org.apache.velocity.runtime.resource.ResourceCacheImpl)
2018-05-10 01:19:20,963 - Default ResourceManager initialization complete.
2018-05-10 01:19:20,963 - Loaded System Directive: org.apache.velocity.runtime.directive.Literal
2018-05-10 01:19:20,963 - Loaded System Directive: org.apache.velocity.runtime.directive.Macro
2018-05-10 01:19:20,981 - Loaded System Directive: org.apache.velocity.runtime.directive.Parse
2018-05-10 01:19:20,983 - Loaded System Directive: org.apache.velocity.runtime.directive.Include
2018-05-10 01:19:20,985 - Loaded System Directive: org.apache.velocity.runtime.directive.Foreach
2018-05-10 01:19:21,017 - Created: 20 parsers.
2018-05-10 01:19:21,017 - Velocimacro : initialization starting.
2018-05-10 01:19:21,017 - Velocimacro : adding VMs from VM library template : VM_global_library.vm
2018-05-10 01:19:21,033 - ResourceManager : unable to find resource 'VM_global_library.vm' in any resource loader.
2018-05-10 01:19:21,033 - Velocimacro : error using  VM library template VM_global_library.vm : org.apache.velocity.exception.ResourceNotFoundException: Unable to find resource 'VM_global_library.vm'
2018-05-10 01:19:21,033 - Velocimacro :  VM library template macro registration complete.
2018-05-10 01:19:21,033 - Velocimacro : allowInline = true : VMs can be defined inline in templates
2018-05-10 01:19:21,033 - Velocimacro : allowInlineToOverride = false : VMs defined inline may NOT replace previous VM definitions
2018-05-10 01:19:21,033 - Velocimacro : allowInlineLocal = false : VMs defined inline will be  global in scope if allowed.
2018-05-10 01:19:21,033 - Velocimacro : messages on  : VM system will output logging messages
2018-05-10 01:19:21,033 - Velocimacro : autoload off  : VM system will not automatically reload global library macros
2018-05-10 01:19:21,049 - Velocimacro : initialization complete.
2018-05-10 01:19:21,049 - Velocity successfully started.
2018-05-10 01:21:00,192 - SimpleLog4JLogSystem initialized using logfile 'velocity.log'
2018-05-10 01:21:00,193 - ************************************************************** 
2018-05-10 01:21:00,193 - Starting Jakarta Velocity v1.4
2018-05-10 01:21:00,193 - RuntimeInstance initializing.
2018-05-10 01:21:00,193 - Default Properties File: org\apache\velocity\runtime\defaults\velocity.properties
2018-05-10 01:21:00,193 - Trying to use logger class org.apache.velocity.runtime.log.SimpleLog4JLogSystem
2018-05-10 01:21:00,193 - Using logger class org.apache.velocity.runtime.log.SimpleLog4JLogSystem
2018-05-10 01:21:00,196 - Default ResourceManager initializing. (class org.apache.velocity.runtime.resource.ResourceManagerImpl)
2018-05-10 01:21:00,199 - Resource Loader Instantiated: org.apache.velocity.runtime.resource.loader.ClasspathResourceLoader
2018-05-10 01:21:00,199 - ClasspathResourceLoader : initialization starting.
2018-05-10 01:21:00,199 - ClasspathResourceLoader : initialization complete.
2018-05-10 01:21:00,201 - ResourceCache : initialized. (class org.apache.velocity.runtime.resource.ResourceCacheImpl)
2018-05-10 01:21:00,201 - Default ResourceManager initialization complete.
2018-05-10 01:21:00,205 - Loaded System Directive: org.apache.velocity.runtime.directive.Literal
2018-05-10 01:21:00,207 - Loaded System Directive: org.apache.velocity.runtime.directive.Macro
2018-05-10 01:21:00,210 - Loaded System Directive: org.apache.velocity.runtime.directive.Parse
2018-05-10 01:21:00,212 - Loaded System Directive: org.apache.velocity.runtime.directive.Include
2018-05-10 01:21:00,213 - Loaded System Directive: org.apache.velocity.runtime.directive.Foreach
2018-05-10 01:21:00,232 - Created: 20 parsers.
2018-05-10 01:21:00,248 - Velocimacro : initialization starting.
2018-05-10 01:21:00,248 - Velocimacro : adding VMs from VM library template : VM_global_library.vm
2018-05-10 01:21:00,264 - ResourceManager : unable to find resource 'VM_global_library.vm' in any resource loader.
2018-05-10 01:21:00,264 - Velocimacro : error using  VM library template VM_global_library.vm : org.apache.velocity.exception.ResourceNotFoundException: Unable to find resource 'VM_global_library.vm'
2018-05-10 01:21:00,264 - Velocimacro :  VM library template macro registration complete.
2018-05-10 01:21:00,264 - Velocimacro : allowInline = true : VMs can be defined inline in templates
2018-05-10 01:21:00,264 - Velocimacro : allowInlineToOverride = false : VMs defined inline may NOT replace previous VM definitions
2018-05-10 01:21:00,264 - Velocimacro : allowInlineLocal = false : VMs defined inline will be  global in scope if allowed.
2018-05-10 01:21:00,264 - Velocimacro : messages on  : VM system will output logging messages
2018-05-10 01:21:00,264 - Velocimacro : autoload off  : VM system will not automatically reload global library macros
2018-05-10 01:21:00,264 - Velocimacro : initialization complete.
2018-05-10 01:21:00,264 - Velocity successfully started.
2018-05-10 02:05:41,327 - SimpleLog4JLogSystem initialized using logfile 'velocity.log'
2018-05-10 02:05:41,327 - ************************************************************** 
2018-05-10 02:05:41,327 - Starting Jakarta Velocity v1.4
2018-05-10 02:05:41,327 - RuntimeInstance initializing.
2018-05-10 02:05:41,327 - Default Properties File: org\apache\velocity\runtime\defaults\velocity.properties
2018-05-10 02:05:41,327 - Trying to use logger class org.apache.velocity.runtime.log.SimpleLog4JLogSystem
2018-05-10 02:05:41,327 - Using logger class org.apache.velocity.runtime.log.SimpleLog4JLogSystem
2018-05-10 02:05:41,342 - Default ResourceManager initializing. (class org.apache.velocity.runtime.resource.ResourceManagerImpl)
2018-05-10 02:05:41,342 - Resource Loader Instantiated: org.apache.velocity.runtime.resource.loader.ClasspathResourceLoader
2018-05-10 02:05:41,342 - ClasspathResourceLoader : initialization starting.
2018-05-10 02:05:41,342 - ClasspathResourceLoader : initialization complete.
2018-05-10 02:05:41,342 - ResourceCache : initialized. (class org.apache.velocity.runtime.resource.ResourceCacheImpl)
2018-05-10 02:05:41,342 - Default ResourceManager initialization complete.
2018-05-10 02:05:41,342 - Loaded System Directive: org.apache.velocity.runtime.directive.Literal
2018-05-10 02:05:41,358 - Loaded System Directive: org.apache.velocity.runtime.directive.Macro
2018-05-10 02:05:41,358 - Loaded System Directive: org.apache.velocity.runtime.directive.Parse
2018-05-10 02:05:41,358 - Loaded System Directive: org.apache.velocity.runtime.directive.Include
2018-05-10 02:05:41,358 - Loaded System Directive: org.apache.velocity.runtime.directive.Foreach
2018-05-10 02:05:41,389 - Created: 20 parsers.
2018-05-10 02:05:41,389 - Velocimacro : initialization starting.
2018-05-10 02:05:41,389 - Velocimacro : adding VMs from VM library template : VM_global_library.vm
2018-05-10 02:05:41,405 - ResourceManager : unable to find resource 'VM_global_library.vm' in any resource loader.
2018-05-10 02:05:41,405 - Velocimacro : error using  VM library template VM_global_library.vm : org.apache.velocity.exception.ResourceNotFoundException: Unable to find resource 'VM_global_library.vm'
2018-05-10 02:05:41,405 - Velocimacro :  VM library template macro registration complete.
2018-05-10 02:05:41,405 - Velocimacro : allowInline = true : VMs can be defined inline in templates
2018-05-10 02:05:41,405 - Velocimacro : allowInlineToOverride = false : VMs defined inline may NOT replace previous VM definitions
2018-05-10 02:05:41,405 - Velocimacro : allowInlineLocal = false : VMs defined inline will be  global in scope if allowed.
2018-05-10 02:05:41,405 - Velocimacro : messages on  : VM system will output logging messages
2018-05-10 02:05:41,405 - Velocimacro : autoload off  : VM system will not automatically reload global library macros
2018-05-10 02:05:41,405 - Velocimacro : initialization complete.
2018-05-10 02:05:41,405 - Velocity successfully started.
2018-05-10 02:14:04,029 - SimpleLog4JLogSystem initialized using logfile 'velocity.log'
2018-05-10 02:14:04,029 - ************************************************************** 
2018-05-10 02:14:04,029 - Starting Jakarta Velocity v1.4
2018-05-10 02:14:04,029 - RuntimeInstance initializing.
2018-05-10 02:14:04,029 - Default Properties File: org\apache\velocity\runtime\defaults\velocity.properties
2018-05-10 02:14:04,029 - Trying to use logger class org.apache.velocity.runtime.log.SimpleLog4JLogSystem
2018-05-10 02:14:04,029 - Using logger class org.apache.velocity.runtime.log.SimpleLog4JLogSystem
2018-05-10 02:14:04,029 - Default ResourceManager initializing. (class org.apache.velocity.runtime.resource.ResourceManagerImpl)
2018-05-10 02:14:04,044 - Resource Loader Instantiated: org.apache.velocity.runtime.resource.loader.ClasspathResourceLoader
2018-05-10 02:14:04,044 - ClasspathResourceLoader : initialization starting.
2018-05-10 02:14:04,044 - ClasspathResourceLoader : initialization complete.
2018-05-10 02:14:04,044 - ResourceCache : initialized. (class org.apache.velocity.runtime.resource.ResourceCacheImpl)
2018-05-10 02:14:04,044 - Default ResourceManager initialization complete.
2018-05-10 02:14:04,044 - Loaded System Directive: org.apache.velocity.runtime.directive.Literal
2018-05-10 02:14:04,044 - Loaded System Directive: org.apache.velocity.runtime.directive.Macro
2018-05-10 02:14:04,044 - Loaded System Directive: org.apache.velocity.runtime.directive.Parse
2018-05-10 02:14:04,044 - Loaded System Directive: org.apache.velocity.runtime.directive.Include
2018-05-10 02:14:04,060 - Loaded System Directive: org.apache.velocity.runtime.directive.Foreach
2018-05-10 02:14:04,091 - Created: 20 parsers.
2018-05-10 02:14:04,091 - Velocimacro : initialization starting.
2018-05-10 02:14:04,091 - Velocimacro : adding VMs from VM library template : VM_global_library.vm
2018-05-10 02:14:04,123 - ResourceManager : unable to find resource 'VM_global_library.vm' in any resource loader.
2018-05-10 02:14:04,123 - Velocimacro : error using  VM library template VM_global_library.vm : org.apache.velocity.exception.ResourceNotFoundException: Unable to find resource 'VM_global_library.vm'
2018-05-10 02:14:04,123 - Velocimacro :  VM library template macro registration complete.
2018-05-10 02:14:04,123 - Velocimacro : allowInline = true : VMs can be defined inline in templates
2018-05-10 02:14:04,123 - Velocimacro : allowInlineToOverride = false : VMs defined inline may NOT replace previous VM definitions
2018-05-10 02:14:04,123 - Velocimacro : allowInlineLocal = false : VMs defined inline will be  global in scope if allowed.
2018-05-10 02:14:04,123 - Velocimacro : messages on  : VM system will output logging messages
2018-05-10 02:14:04,123 - Velocimacro : autoload off  : VM system will not automatically reload global library macros
2018-05-10 02:14:04,123 - Velocimacro : initialization complete.
2018-05-10 02:14:04,123 - Velocity successfully started.
2018-05-10 02:17:16,540 - SimpleLog4JLogSystem initialized using logfile 'velocity.log'
2018-05-10 02:17:16,541 - ************************************************************** 
2018-05-10 02:17:16,541 - Starting Jakarta Velocity v1.4
2018-05-10 02:17:16,541 - RuntimeInstance initializing.
2018-05-10 02:17:16,541 - Default Properties File: org\apache\velocity\runtime\defaults\velocity.properties
2018-05-10 02:17:16,542 - Trying to use logger class org.apache.velocity.runtime.log.SimpleLog4JLogSystem
2018-05-10 02:17:16,542 - Using logger class org.apache.velocity.runtime.log.SimpleLog4JLogSystem
2018-05-10 02:17:16,547 - Default ResourceManager initializing. (class org.apache.velocity.runtime.resource.ResourceManagerImpl)
2018-05-10 02:17:16,553 - Resource Loader Instantiated: org.apache.velocity.runtime.resource.loader.ClasspathResourceLoader
2018-05-10 02:17:16,553 - ClasspathResourceLoader : initialization starting.
2018-05-10 02:17:16,553 - ClasspathResourceLoader : initialization complete.
2018-05-10 02:17:16,556 - ResourceCache : initialized. (class org.apache.velocity.runtime.resource.ResourceCacheImpl)
2018-05-10 02:17:16,556 - Default ResourceManager initialization complete.
2018-05-10 02:17:16,561 - Loaded System Directive: org.apache.velocity.runtime.directive.Literal
2018-05-10 02:17:16,565 - Loaded System Directive: org.apache.velocity.runtime.directive.Macro
2018-05-10 02:17:16,570 - Loaded System Directive: org.apache.velocity.runtime.directive.Parse
2018-05-10 02:17:16,573 - Loaded System Directive: org.apache.velocity.runtime.directive.Include
2018-05-10 02:17:16,574 - Loaded System Directive: org.apache.velocity.runtime.directive.Foreach
2018-05-10 02:17:16,617 - Created: 20 parsers.
2018-05-10 02:17:16,633 - Velocimacro : initialization starting.
2018-05-10 02:17:16,633 - Velocimacro : adding VMs from VM library template : VM_global_library.vm
2018-05-10 02:17:16,656 - ResourceManager : unable to find resource 'VM_global_library.vm' in any resource loader.
2018-05-10 02:17:16,656 - Velocimacro : error using  VM library template VM_global_library.vm : org.apache.velocity.exception.ResourceNotFoundException: Unable to find resource 'VM_global_library.vm'
2018-05-10 02:17:16,656 - Velocimacro :  VM library template macro registration complete.
2018-05-10 02:17:16,656 - Velocimacro : allowInline = true : VMs can be defined inline in templates
2018-05-10 02:17:16,656 - Velocimacro : allowInlineToOverride = false : VMs defined inline may NOT replace previous VM definitions
2018-05-10 02:17:16,656 - Velocimacro : allowInlineLocal = false : VMs defined inline will be  global in scope if allowed.
2018-05-10 02:17:16,656 - Velocimacro : messages on  : VM system will output logging messages
2018-05-10 02:17:16,656 - Velocimacro : autoload off  : VM system will not automatically reload global library macros
2018-05-10 02:17:16,656 - Velocimacro : initialization complete.
2018-05-10 02:17:16,656 - Velocity successfully started.
2018-05-10 02:28:46,333 - SimpleLog4JLogSystem initialized using logfile 'velocity.log'
2018-05-10 02:28:46,333 - ************************************************************** 
2018-05-10 02:28:46,333 - Starting Jakarta Velocity v1.4
2018-05-10 02:28:46,333 - RuntimeInstance initializing.
2018-05-10 02:28:46,333 - Default Properties File: org\apache\velocity\runtime\defaults\velocity.properties
2018-05-10 02:28:46,333 - Trying to use logger class org.apache.velocity.runtime.log.SimpleLog4JLogSystem
2018-05-10 02:28:46,333 - Using logger class org.apache.velocity.runtime.log.SimpleLog4JLogSystem
2018-05-10 02:28:46,333 - Default ResourceManager initializing. (class org.apache.velocity.runtime.resource.ResourceManagerImpl)
2018-05-10 02:28:46,333 - Resource Loader Instantiated: org.apache.velocity.runtime.resource.loader.ClasspathResourceLoader
2018-05-10 02:28:46,333 - ClasspathResourceLoader : initialization starting.
2018-05-10 02:28:46,333 - ClasspathResourceLoader : initialization complete.
2018-05-10 02:28:46,333 - ResourceCache : initialized. (class org.apache.velocity.runtime.resource.ResourceCacheImpl)
2018-05-10 02:28:46,333 - Default ResourceManager initialization complete.
2018-05-10 02:28:46,349 - Loaded System Directive: org.apache.velocity.runtime.directive.Literal
2018-05-10 02:28:46,349 - Loaded System Directive: org.apache.velocity.runtime.directive.Macro
2018-05-10 02:28:46,349 - Loaded System Directive: org.apache.velocity.runtime.directive.Parse
2018-05-10 02:28:46,349 - Loaded System Directive: org.apache.velocity.runtime.directive.Include
2018-05-10 02:28:46,349 - Loaded System Directive: org.apache.velocity.runtime.directive.Foreach
2018-05-10 02:28:46,380 - Created: 20 parsers.
2018-05-10 02:28:46,396 - Velocimacro : initialization starting.
2018-05-10 02:28:46,396 - Velocimacro : adding VMs from VM library template : VM_global_library.vm
2018-05-10 02:28:46,411 - ResourceManager : unable to find resource 'VM_global_library.vm' in any resource loader.
2018-05-10 02:28:46,411 - Velocimacro : error using  VM library template VM_global_library.vm : org.apache.velocity.exception.ResourceNotFoundException: Unable to find resource 'VM_global_library.vm'
2018-05-10 02:28:46,411 - Velocimacro :  VM library template macro registration complete.
2018-05-10 02:28:46,411 - Velocimacro : allowInline = true : VMs can be defined inline in templates
2018-05-10 02:28:46,411 - Velocimacro : allowInlineToOverride = false : VMs defined inline may NOT replace previous VM definitions
2018-05-10 02:28:46,411 - Velocimacro : allowInlineLocal = false : VMs defined inline will be  global in scope if allowed.
2018-05-10 02:28:46,411 - Velocimacro : messages on  : VM system will output logging messages
2018-05-10 02:28:46,411 - Velocimacro : autoload off  : VM system will not automatically reload global library macros
2018-05-10 02:28:46,411 - Velocimacro : initialization complete.
2018-05-10 02:28:46,411 - Velocity successfully started.
2018-05-10 02:50:10,996 - SimpleLog4JLogSystem initialized using logfile 'velocity.log'
2018-05-10 02:50:10,996 - ************************************************************** 
2018-05-10 02:50:10,996 - Starting Jakarta Velocity v1.4
2018-05-10 02:50:10,996 - RuntimeInstance initializing.
2018-05-10 02:50:10,996 - Default Properties File: org\apache\velocity\runtime\defaults\velocity.properties
2018-05-10 02:50:10,996 - Trying to use logger class org.apache.velocity.runtime.log.SimpleLog4JLogSystem
2018-05-10 02:50:10,996 - Using logger class org.apache.velocity.runtime.log.SimpleLog4JLogSystem
2018-05-10 02:50:10,996 - Default ResourceManager initializing. (class org.apache.velocity.runtime.resource.ResourceManagerImpl)
2018-05-10 02:50:10,996 - Resource Loader Instantiated: org.apache.velocity.runtime.resource.loader.ClasspathResourceLoader
2018-05-10 02:50:10,996 - ClasspathResourceLoader : initialization starting.
2018-05-10 02:50:10,996 - ClasspathResourceLoader : initialization complete.
2018-05-10 02:50:11,012 - ResourceCache : initialized. (class org.apache.velocity.runtime.resource.ResourceCacheImpl)
2018-05-10 02:50:11,012 - Default ResourceManager initialization complete.
2018-05-10 02:50:11,012 - Loaded System Directive: org.apache.velocity.runtime.directive.Literal
2018-05-10 02:50:11,012 - Loaded System Directive: org.apache.velocity.runtime.directive.Macro
2018-05-10 02:50:11,012 - Loaded System Directive: org.apache.velocity.runtime.directive.Parse
2018-05-10 02:50:11,012 - Loaded System Directive: org.apache.velocity.runtime.directive.Include
2018-05-10 02:50:11,028 - Loaded System Directive: org.apache.velocity.runtime.directive.Foreach
2018-05-10 02:50:11,048 - Created: 20 parsers.
2018-05-10 02:50:11,064 - Velocimacro : initialization starting.
2018-05-10 02:50:11,064 - Velocimacro : adding VMs from VM library template : VM_global_library.vm
2018-05-10 02:50:11,079 - ResourceManager : unable to find resource 'VM_global_library.vm' in any resource loader.
2018-05-10 02:50:11,079 - Velocimacro : error using  VM library template VM_global_library.vm : org.apache.velocity.exception.ResourceNotFoundException: Unable to find resource 'VM_global_library.vm'
2018-05-10 02:50:11,079 - Velocimacro :  VM library template macro registration complete.
2018-05-10 02:50:11,079 - Velocimacro : allowInline = true : VMs can be defined inline in templates
2018-05-10 02:50:11,079 - Velocimacro : allowInlineToOverride = false : VMs defined inline may NOT replace previous VM definitions
2018-05-10 02:50:11,079 - Velocimacro : allowInlineLocal = false : VMs defined inline will be  global in scope if allowed.
2018-05-10 02:50:11,079 - Velocimacro : messages on  : VM system will output logging messages
2018-05-10 02:50:11,079 - Velocimacro : autoload off  : VM system will not automatically reload global library macros
2018-05-10 02:50:11,079 - Velocimacro : initialization complete.
2018-05-10 02:50:11,079 - Velocity successfully started.
2018-05-10 02:51:40,609 - SimpleLog4JLogSystem initialized using logfile 'velocity.log'
2018-05-10 02:51:40,610 - ************************************************************** 
2018-05-10 02:51:40,610 - Starting Jakarta Velocity v1.4
2018-05-10 02:51:40,610 - RuntimeInstance initializing.
2018-05-10 02:51:40,610 - Default Properties File: org\apache\velocity\runtime\defaults\velocity.properties
2018-05-10 02:51:40,610 - Trying to use logger class org.apache.velocity.runtime.log.SimpleLog4JLogSystem
2018-05-10 02:51:40,610 - Using logger class org.apache.velocity.runtime.log.SimpleLog4JLogSystem
2018-05-10 02:51:40,615 - Default ResourceManager initializing. (class org.apache.velocity.runtime.resource.ResourceManagerImpl)
2018-05-10 02:51:40,619 - Resource Loader Instantiated: org.apache.velocity.runtime.resource.loader.ClasspathResourceLoader
2018-05-10 02:51:40,619 - ClasspathResourceLoader : initialization starting.
2018-05-10 02:51:40,619 - ClasspathResourceLoader : initialization complete.
2018-05-10 02:51:40,621 - ResourceCache : initialized. (class org.apache.velocity.runtime.resource.ResourceCacheImpl)
2018-05-10 02:51:40,621 - Default ResourceManager initialization complete.
2018-05-10 02:51:40,626 - Loaded System Directive: org.apache.velocity.runtime.directive.Literal
2018-05-10 02:51:40,628 - Loaded System Directive: org.apache.velocity.runtime.directive.Macro
2018-05-10 02:51:40,632 - Loaded System Directive: org.apache.velocity.runtime.directive.Parse
2018-05-10 02:51:40,634 - Loaded System Directive: org.apache.velocity.runtime.directive.Include
2018-05-10 02:51:40,635 - Loaded System Directive: org.apache.velocity.runtime.directive.Foreach
2018-05-10 02:51:40,655 - Created: 20 parsers.
2018-05-10 02:51:40,671 - Velocimacro : initialization starting.
2018-05-10 02:51:40,671 - Velocimacro : adding VMs from VM library template : VM_global_library.vm
2018-05-10 02:51:40,686 - ResourceManager : unable to find resource 'VM_global_library.vm' in any resource loader.
2018-05-10 02:51:40,686 - Velocimacro : error using  VM library template VM_global_library.vm : org.apache.velocity.exception.ResourceNotFoundException: Unable to find resource 'VM_global_library.vm'
2018-05-10 02:51:40,686 - Velocimacro :  VM library template macro registration complete.
2018-05-10 02:51:40,686 - Velocimacro : allowInline = true : VMs can be defined inline in templates
2018-05-10 02:51:40,686 - Velocimacro : allowInlineToOverride = false : VMs defined inline may NOT replace previous VM definitions
2018-05-10 02:51:40,686 - Velocimacro : allowInlineLocal = false : VMs defined inline will be  global in scope if allowed.
2018-05-10 02:51:40,686 - Velocimacro : messages on  : VM system will output logging messages
2018-05-10 02:51:40,686 - Velocimacro : autoload off  : VM system will not automatically reload global library macros
2018-05-10 02:51:40,686 - Velocimacro : initialization complete.
2018-05-10 02:51:40,686 - Velocity successfully started.
